2017-04-27 09:50:26,084 - main - INFO: 2017-01-01:2017-01-01
2017-04-27 09:50:33,943 - main - INFO: 2017-01-02:2017-01-02
2017-04-27 09:50:42,881 - main - INFO: 2017-01-03:2017-01-03
2017-04-27 09:50:47,733 - main - INFO: 2017-01-04:2017-01-04
2017-04-27 09:50:51,615 - main - INFO: 2017-01-05:2017-01-05
2017-04-27 09:50:56,381 - main - INFO: 2017-01-06:2017-01-06
2017-04-27 09:51:04,163 - main - INFO: 2017-01-07:2017-01-07
2017-04-27 09:51:12,911 - main - INFO: 2017-01-08:2017-01-08
2017-04-27 09:51:20,826 - main - INFO: 2017-01-09:2017-01-09
2017-04-27 09:51:30,657 - main - INFO: 2017-01-10:2017-01-10
2017-04-27 09:51:38,344 - main - INFO: 2017-01-11:2017-01-11
2017-04-27 09:51:45,046 - main - INFO: 2017-01-12:2017-01-12
2017-04-27 09:51:51,592 - main - INFO: 2017-01-13:2017-01-13
2017-04-27 09:52:00,305 - main - INFO: 2017-01-14:2017-01-14
2017-04-27 09:52:04,990 - main - INFO: 2017-01-15:2017-01-15
2017-04-27 09:52:11,766 - main - INFO: 2017-01-16:2017-01-16
2017-04-27 09:52:16,459 - main - INFO: 2017-01-17:2017-01-17
2017-04-27 09:52:21,109 - main - INFO: 2017-01-18:2017-01-18
2017-04-27 09:52:29,773 - main - INFO: 2017-01-19:2017-01-19
2017-04-27 09:52:35,515 - main - INFO: 2017-01-20:2017-01-20
2017-04-27 09:52:44,242 - main - INFO: 2017-01-21:2017-01-21
2017-04-27 09:52:48,953 - main - INFO: 2017-01-22:2017-01-22
2017-04-27 09:52:52,641 - main - INFO: 2017-01-23:2017-01-23
2017-04-27 09:52:56,546 - main - INFO: 2017-01-24:2017-01-24
2017-04-27 09:53:01,349 - main - INFO: 2017-01-25:2017-01-25
2017-04-27 09:53:07,164 - main - INFO: 2017-01-26:2017-01-26
2017-04-27 09:53:14,953 - main - INFO: 2017-01-27:2017-01-27
2017-04-27 09:53:21,595 - main - INFO: 2017-01-28:2017-01-28
2017-04-27 09:53:30,334 - main - INFO: 2017-01-29:2017-01-29
2017-04-27 09:53:38,974 - main - INFO: 2017-01-30:2017-01-30
2017-04-27 09:53:46,747 - main - INFO: 2017-01-31:2017-01-31
2017-04-27 09:53:51,749 - main - INFO: 2017-02-01:2017-02-01
2017-04-27 09:53:57,615 - main - INFO: 2017-02-02:2017-02-02
2017-04-27 09:54:02,444 - main - INFO: 2017-02-03:2017-02-03
2017-04-27 09:54:11,285 - main - INFO: 2017-02-04:2017-02-04
2017-04-27 09:54:17,951 - main - INFO: 2017-02-05:2017-02-05
2017-04-27 09:54:25,673 - main - INFO: 2017-02-06:2017-02-06
2017-04-27 09:54:31,474 - main - INFO: 2017-02-07:2017-02-07
2017-04-27 09:54:38,207 - main - INFO: 2017-02-08:2017-02-08
2017-04-27 09:54:47,022 - main - INFO: 2017-02-09:2017-02-09
2017-04-27 09:54:55,757 - main - INFO: 2017-02-10:2017-02-10
2017-04-27 09:54:55,921 - main.CollectData - ERROR: Be Caught Error!
2017-04-27 09:54:55,921 - main.CollectData - INFO: url: http://s.weibo.com/weibo/%25E9%258E%25B7%25E6%25B6%2598%25E6%2599%25A2%25E9%2596%25BE%25E6%2583%25B0&typeall=1&suball=1&timescope=custom:2017-02-10:2017-02-10&page=1
2017-04-27 09:54:55,921 - main.CollectData - INFO: page:1
2017-04-27 10:02:36,591 - main - INFO: 2017-01-01:2017-01-01
2017-04-27 10:02:36,792 - main.CollectData - ERROR: Be Caught Error!
2017-04-27 10:02:36,792 - main.CollectData - INFO: url: http://s.weibo.com/weibo/%25E6%25B6%2593%25E5%258C%2597%25E6%25BE%25B6%25D1%2583&typeall=1&suball=1&timescope=custom:2017-01-01:2017-01-01&page=1
2017-04-27 10:02:36,792 - main.CollectData - INFO: page:1
2017-04-27 10:04:48,494 - main - INFO: 2015-01-01:2015-01-01
2017-04-27 10:05:14,119 - main.CollectData - ERROR: Be Caught Error!
2017-04-27 10:05:14,121 - main.CollectData - INFO: url: http://s.weibo.com/weibo/%25E6%25B6%2593%25E5%258C%2597%25E6%25BE%25B6%25D1%2583&typeall=1&suball=1&timescope=custom:2015-01-01:2015-01-01&page=1
2017-04-27 10:05:14,121 - main.CollectData - INFO: page:1
2017-04-27 10:12:04,592 - main - INFO: 2016-09-01:2016-09-01
2017-04-27 10:12:04,897 - main.CollectData - ERROR: Be Caught Error!
2017-04-27 10:12:04,897 - main.CollectData - INFO: url: http://s.weibo.com/weibo/%25E9%258D%259A%25E5%25A4%258B%25E7%2581%2584%25E6%25BE%25B6%25D1%2583&typeall=1&suball=1&timescope=custom:2016-09-01:2016-09-01&page=1
2017-04-27 10:12:04,897 - main.CollectData - INFO: page:1
2017-04-27 10:21:47,342 - main - INFO: 2017-01-01:2017-01-01
2017-04-27 10:21:47,701 - main.CollectData - ERROR: Be Caught Error!
2017-04-27 10:21:47,701 - main.CollectData - INFO: url: http://s.weibo.com/weibo/%25E6%25B6%2593%25E5%258C%2597%25E6%25BE%25B6%25D1%2583&typeall=1&suball=1&timescope=custom:2017-01-01:2017-01-01&page=1
2017-04-27 10:21:47,717 - main.CollectData - INFO: page:1
2017-04-27 10:22:43,582 - main - INFO: 2016-09-01:2016-09-01
2017-04-27 10:22:47,413 - main - INFO: 2016-09-02:2016-09-02
2017-04-27 10:22:56,319 - main - INFO: 2016-09-03:2016-09-03
2017-04-27 10:23:00,055 - main - INFO: 2016-09-04:2016-09-04
2017-04-27 10:23:07,882 - main - INFO: 2016-09-05:2016-09-05
2017-04-27 10:23:15,055 - main - INFO: 2016-09-06:2016-09-06
2017-04-27 10:23:19,979 - main - INFO: 2016-09-07:2016-09-07
2017-04-27 10:23:24,658 - main - INFO: 2016-09-08:2016-09-08
2017-04-27 10:23:28,364 - main - INFO: 2016-09-09:2016-09-09
2017-04-27 10:23:36,134 - main - INFO: 2016-09-10:2016-09-10
2017-04-27 10:23:42,809 - main - INFO: 2016-09-11:2016-09-11
2017-04-27 10:23:49,661 - main - INFO: 2016-09-12:2016-09-12
2017-04-27 10:23:54,529 - main - INFO: 2016-09-13:2016-09-13
2017-04-27 10:24:03,276 - main - INFO: 2016-09-14:2016-09-14
2017-04-27 10:24:07,992 - main - INFO: 2016-09-15:2016-09-15
2017-04-27 10:24:13,894 - main - INFO: 2016-09-16:2016-09-16
2017-04-27 10:24:18,839 - main - INFO: 2016-09-17:2016-09-17
2017-04-27 10:24:23,592 - main - INFO: 2016-09-18:2016-09-18
2017-04-27 10:24:28,253 - main - INFO: 2016-09-19:2016-09-19
2017-04-27 10:24:34,882 - main - INFO: 2016-09-20:2016-09-20
2017-04-27 10:24:43,651 - main - INFO: 2016-09-21:2016-09-21
2017-04-27 10:24:52,523 - main - INFO: 2016-09-22:2016-09-22
2017-04-27 10:24:56,191 - main - INFO: 2016-09-23:2016-09-23
2017-04-27 10:25:01,184 - main - INFO: 2016-09-24:2016-09-24
2017-04-27 11:01:22,773 - main - INFO: 2016-09-01:2016-09-01
2017-04-27 11:01:26,769 - main - INFO: 2016-09-02:2016-09-02
2017-04-27 11:01:33,743 - main - INFO: 2016-09-03:2016-09-03
2017-04-27 11:24:21,230 - main - INFO: 2017-01-01:2017-01-01
2017-04-27 11:24:27,940 - main - INFO: 2017-01-02:2017-01-02
2017-04-27 11:24:32,598 - main - INFO: 2017-01-03:2017-01-03
2017-04-27 11:24:40,619 - main - INFO: 2017-01-04:2017-01-04
2017-04-27 11:24:48,263 - main - INFO: 2017-01-05:2017-01-05
2017-04-27 11:24:53,006 - main - INFO: 2017-01-06:2017-01-06
2017-04-27 11:25:00,891 - main - INFO: 2017-01-07:2017-01-07
2017-04-27 11:25:06,759 - main - INFO: 2017-01-08:2017-01-08
2017-04-27 11:25:15,598 - main - INFO: 2017-01-09:2017-01-09
2017-04-27 11:25:22,132 - main - INFO: 2017-01-10:2017-01-10
2017-04-27 11:25:27,210 - main - INFO: 2017-01-11:2017-01-11
2017-04-27 11:25:34,940 - main - INFO: 2017-01-12:2017-01-12
2017-04-27 11:25:41,648 - main - INFO: 2017-01-13:2017-01-13
2017-04-27 11:25:45,342 - main - INFO: 2017-01-14:2017-01-14
2017-04-27 11:25:51,161 - main - INFO: 2017-01-15:2017-01-15
2017-04-27 11:25:59,884 - main - INFO: 2017-01-16:2017-01-16
2017-04-27 11:26:07,773 - main - INFO: 2017-01-17:2017-01-17
2017-04-27 11:26:11,680 - main - INFO: 2017-01-18:2017-01-18
2017-04-27 11:26:16,413 - main - INFO: 2017-01-19:2017-01-19
2017-04-27 11:26:20,230 - main - INFO: 2017-01-20:2017-01-20
2017-04-27 11:26:29,003 - main - INFO: 2017-01-21:2017-01-21
2017-04-27 11:26:34,947 - main - INFO: 2017-01-22:2017-01-22
2017-04-27 11:26:38,674 - main - INFO: 2017-01-23:2017-01-23
2017-04-27 11:26:47,776 - main - INFO: 2017-01-24:2017-01-24
2017-04-27 11:26:56,867 - main - INFO: 2017-01-25:2017-01-25
2017-04-27 11:27:02,536 - main - INFO: 2017-01-26:2017-01-26
2017-04-27 11:27:11,240 - main - INFO: 2017-01-27:2017-01-27
2017-04-27 11:27:18,020 - main - INFO: 2017-01-28:2017-01-28
2017-04-27 11:27:23,892 - main - INFO: 2017-01-29:2017-01-29
2017-04-27 11:27:28,528 - main - INFO: 2017-01-30:2017-01-30
2017-04-27 11:27:34,145 - main - INFO: 2017-01-31:2017-01-31
2017-04-27 11:27:41,832 - main - INFO: 2017-02-01:2017-02-01
2017-04-27 11:27:50,602 - main - INFO: 2017-02-02:2017-02-02
2017-04-27 11:27:56,308 - main - INFO: 2017-02-03:2017-02-03
2017-04-27 11:28:00,979 - main - INFO: 2017-02-04:2017-02-04
2017-04-27 11:28:01,108 - main.CollectData - ERROR: Be Caught Error!
2017-04-27 11:28:01,108 - main.CollectData - INFO: url: http://s.weibo.com/weibo/%25E9%258D%259A%25E5%25A4%258B%25E7%2581%2584%25E6%25BE%25B6%25D1%2583&typeall=1&suball=1&timescope=custom:2017-02-04:2017-02-04&page=1
2017-04-27 11:28:01,108 - main.CollectData - INFO: page:1
2017-04-27 18:03:26,282 - main - INFO: 2017-01-01:2017-01-01
2017-04-27 18:03:35,371 - main - INFO: 2017-01-02:2017-01-02
2017-04-27 18:03:44,088 - main - INFO: 2017-01-03:2017-01-03
2017-04-27 18:03:48,976 - main - INFO: 2017-01-04:2017-01-04
2017-04-27 18:03:54,704 - main - INFO: 2017-01-05:2017-01-05
2017-04-27 18:04:03,282 - main - INFO: 2017-01-06:2017-01-06
2017-04-27 18:04:06,959 - main - INFO: 2017-01-07:2017-01-07
2017-04-27 18:04:14,653 - main - INFO: 2017-01-08:2017-01-08
2017-04-27 18:04:18,483 - main - INFO: 2017-01-09:2017-01-09
2017-04-27 18:04:23,177 - main - INFO: 2017-01-10:2017-01-10
2017-04-27 18:04:30,081 - main - INFO: 2017-01-11:2017-01-11
2017-04-27 18:04:38,838 - main - INFO: 2017-01-12:2017-01-12
2017-04-27 18:04:46,799 - main - INFO: 2017-01-13:2017-01-13
2017-04-27 18:04:54,836 - main - INFO: 2017-01-14:2017-01-14
2017-04-27 18:05:02,812 - main - INFO: 2017-01-15:2017-01-15
2017-04-27 18:05:09,573 - main - INFO: 2017-01-16:2017-01-16
2017-04-27 18:05:16,263 - main - INFO: 2017-01-17:2017-01-17
2017-04-27 18:05:20,131 - main - INFO: 2017-01-18:2017-01-18
2017-04-27 18:05:26,236 - main - INFO: 2017-01-19:2017-01-19
2017-04-27 18:05:32,112 - main - INFO: 2017-01-20:2017-01-20
2017-04-27 18:05:36,762 - main - INFO: 2017-01-21:2017-01-21
2017-04-27 18:05:43,730 - main - INFO: 2017-01-22:2017-01-22
2017-04-27 18:05:49,838 - main - INFO: 2017-01-23:2017-01-23
2017-04-27 18:05:58,657 - main - INFO: 2017-01-24:2017-01-24
2017-04-27 18:06:02,395 - main - INFO: 2017-01-25:2017-01-25
2017-04-27 18:06:06,687 - main - INFO: 2017-01-26:2017-01-26
2017-04-27 18:06:14,612 - main - INFO: 2017-01-27:2017-01-27
2017-04-27 18:06:21,364 - main - INFO: 2017-01-28:2017-01-28
2017-04-27 18:06:26,267 - main - INFO: 2017-01-29:2017-01-29
2017-04-27 18:06:29,999 - main - INFO: 2017-01-30:2017-01-30
2017-04-27 18:06:34,069 - main - INFO: 2017-01-31:2017-01-31
2017-04-27 18:07:03,964 - main - INFO: 2017-02-01:2017-02-01
2017-04-27 18:07:10,954 - main - INFO: 2017-02-02:2017-02-02
2017-04-27 18:07:16,104 - main - INFO: 2017-02-03:2017-02-03
2017-04-27 18:07:20,808 - main - INFO: 2017-02-04:2017-02-04
2017-04-27 18:07:27,552 - main - INFO: 2017-02-05:2017-02-05
2017-04-27 18:07:36,921 - main - INFO: 2017-02-06:2017-02-06
2017-04-27 18:07:37,062 - main.CollectData - ERROR: Be Caught Error!
2017-04-27 18:07:37,062 - main.CollectData - INFO: url: http://s.weibo.com/weibo/%25E9%258D%259A%25E5%25A4%258B%25E7%2581%2584%25E6%25BE%25B6%25D1%2583&typeall=1&suball=1&timescope=custom:2017-02-06:2017-02-06&page=1
2017-04-27 18:07:37,062 - main.CollectData - INFO: page:1
2017-04-27 18:13:05,407 - main - INFO: 2017-01-01:2017-01-01
2017-04-27 18:18:33,112 - main - INFO: 2017-01-01:2017-01-01
2017-04-27 21:14:35,782 - main - INFO: 2017-03-05:2017-03-05
2017-04-27 21:15:35,325 - main - INFO: 2017-03-01:2017-03-01
2017-04-27 21:23:44,361 - main - INFO: 2017-03-01:2017-03-01
2017-04-27 21:28:20,701 - main - INFO: 2017-03-01:2017-03-01
2017-04-27 21:31:46,374 - main - INFO: 2017-03-01:2017-03-01
2017-04-27 21:36:07,696 - main - INFO: 2017-03-01:2017-03-01
2017-04-27 21:37:34,943 - main - INFO: 2017-03-01:2017-03-01
2017-04-27 21:42:02,328 - main - INFO: 2017-03-01:2017-03-01
2017-04-27 22:32:35,453 - main - INFO: 2017-01-01:2017-01-01
2017-04-28 08:24:27,536 - main - INFO: 2017-01-01:2017-01-01
2017-04-28 08:27:38,479 - main - INFO: 2017-01-01:2017-01-01
2017-04-28 08:28:43,092 - main - INFO: 2017-04-01:2017-04-01
2017-04-28 08:40:25,230 - main - INFO: 2017-04-01:2017-04-01
2017-04-28 08:53:43,516 - main - INFO: 2017-04-02:2017-04-02
2017-04-28 08:57:27,461 - main - INFO: 2017-0420:2017-0420
2017-04-28 09:42:59,914 - main - INFO: 2017-04-21:2017-04-21
2017-04-28 09:47:43,249 - main - INFO: 2017-04-22:2017-04-22
2017-04-28 09:50:06,729 - main - INFO: 2017-04-23:2017-04-23
2017-04-28 09:51:58,536 - main - INFO: 2017-04-24:2017-04-24
2017-04-28 09:56:33,213 - main - INFO: 2017-04-25:2017-04-25
2017-04-28 10:02:09,573 - main - INFO: 2017-04-26:2017-04-26
2017-04-28 10:06:36,181 - main - INFO: 2017-04-27:2017-04-27
2017-04-28 10:10:21,569 - main - INFO: 2017-04-28:2017-04-28
2017-04-28 10:12:15,911 - main - INFO: 2017-04-29:2017-04-29
2017-04-28 10:12:23,463 - main - INFO: 2017-04-30:2017-04-30
2017-04-28 10:12:30,032 - main - INFO: 2017-05-01:2017-05-01
